[debug] [2019-09-23T03:46:34.725Z] ----------------------------------------------------------------------
[debug] [2019-09-23T03:46:34.729Z] Command:       C:\Users\USER\node.exe C:\Users\USER\AppData\Roaming\npm\node_modules\firebase-tools\lib\bin\firebase.js login
[debug] [2019-09-23T03:46:34.730Z] CLI Version:   7.3.2
[debug] [2019-09-23T03:46:34.730Z] Platform:      win32
[debug] [2019-09-23T03:46:34.730Z] Node Version:  v10.16.3
[debug] [2019-09-23T03:46:34.735Z] Time:          Sun Sep 22 2019 20:46:34 GMT-0700 (Pacific Daylight Time)
[debug] [2019-09-23T03:46:34.735Z] ----------------------------------------------------------------------
[debug] 
[info] i  Firebase optionally collects CLI usage and error reporting information to help improve our products. Data is collected in accordance with Google's privacy policy (https://policies.google.com/privacy) and is not used to identify you.

[info] i  To change your data collection preference at any time, run `firebase logout` and log in again.
[info] 
[info] Visit this URL on this device to log in:
[info] https://accounts.google.com/o/oauth2/auth?client_id=563584335869-fgrhgmd47bqnekij5i8b5pr03ho849e6.apps.googleusercontent.com&scope=email%20openid%20https%3A%2F%2Fwww.googleapis.com%2Fauth%2Fcloudplatformprojects.readonly%20https%3A%2F%2Fwww.googleapis.com%2Fauth%2Ffirebase%20https%3A%2F%2Fwww.googleapis.com%2Fauth%2Fcloud-platform&response_type=code&state=869312343&redirect_uri=http%3A%2F%2Flocalhost%3A9005
[info] 
[info] Waiting for authentication...
[debug] [2019-09-23T03:46:39.985Z] Error: spawn cmd ENOENT
    at Process.ChildProcess._handle.onexit (internal/child_process.js:240:19)
    at onErrorNT (internal/child_process.js:415:16)
    at process._tickCallback (internal/process/next_tick.js:63:19)
[error] 
[error] Error: An unexpected error has occurred.
